<?xml version="1.0" encoding="UTF-8"?>
<testsuite xmlns:xsi="http://www.w3.org/2001/XMLSchema-instance" xsi:noNamespaceSchemaLocation="https://maven.apache.org/surefire/maven-surefire-plugin/xsd/surefire-test-report.xsd" name="com.conichi.technicaltest.TechnicalTestApplicationTests" time="32.876" tests="32" errors="0" skipped="0" failures="0">
  <properties>
[...]
</properties>
  <testcase name="test10" classname="com.conichi.technicaltest.TechnicalTestApplicationTests" time="1.016"/>
  <testcase name="test11" classname="com.conichi.technicaltest.TechnicalTestApplicationTests" time="0.327"/>
  <testcase name="test12" classname="com.conichi.technicaltest.TechnicalTestApplicationTests" time="0.235"/>
  <testcase name="test13" classname="com.conichi.technicaltest.TechnicalTestApplicationTests" time="0.257"/>
  <testcase name="test14" classname="com.conichi.technicaltest.TechnicalTestApplicationTests" time="0.31"/>
  <testcase name="test15" classname="com.conichi.technicaltest.TechnicalTestApplicationTests" time="0.309"/>
  <testcase name="test16" classname="com.conichi.technicaltest.TechnicalTestApplicationTests" time="0.303"/>
  <testcase name="test17" classname="com.conichi.technicaltest.TechnicalTestApplicationTests" time="0.307"/>
  <testcase name="test18" classname="com.conichi.technicaltest.TechnicalTestApplicationTests" time="0.307"/>
  <testcase name="test19" classname="com.conichi.technicaltest.TechnicalTestApplicationTests" time="0.304"/>
  <testcase name="test20" classname="com.conichi.technicaltest.TechnicalTestApplicationTests" time="0.309"/>
  <testcase name="test21" classname="com.conichi.technicaltest.TechnicalTestApplicationTests" time="0.004"/>
  <testcase name="test22" classname="com.conichi.technicaltest.TechnicalTestApplicationTests" time="0.003"/>
  <testcase name="test23" classname="com.conichi.technicaltest.TechnicalTestApplicationTests" time="0.296"/>
  <testcase name="test24" classname="com.conichi.technicaltest.TechnicalTestApplicationTests" time="0.34"/>
  <testcase name="test25" classname="com.conichi.technicaltest.TechnicalTestApplicationTests" time="0.292"/>
  <testcase name="test26" classname="com.conichi.technicaltest.TechnicalTestApplicationTests" time="0.003"/>
  <testcase name="test27" classname="com.conichi.technicaltest.TechnicalTestApplicationTests" time="0.003"/>
  <testcase name="test28" classname="com.conichi.technicaltest.TechnicalTestApplicationTests" time="0.455"/>
  <testcase name="test29" classname="com.conichi.technicaltest.TechnicalTestApplicationTests" time="0.101"/>
  <testcase name="test30" classname="com.conichi.technicaltest.TechnicalTestApplicationTests" time="0.045"/>
  <testcase name="test31" classname="com.conichi.technicaltest.TechnicalTestApplicationTests" time="0.003"/>
  <testcase name="test1" classname="com.conichi.technicaltest.TechnicalTestApplicationTests" time="0.006"/>
  <testcase name="test2" classname="com.conichi.technicaltest.TechnicalTestApplicationTests" time="0.003"/>
  <testcase name="test3" classname="com.conichi.technicaltest.TechnicalTestApplicationTests" time="0.004"/>
  <testcase name="test4" classname="com.conichi.technicaltest.TechnicalTestApplicationTests" time="2.024"/>
  <testcase name="test5" classname="com.conichi.technicaltest.TechnicalTestApplicationTests" time="0.405"/>
  <testcase name="test6" classname="com.conichi.technicaltest.TechnicalTestApplicationTests" time="0.401"/>
  <testcase name="test7" classname="com.conichi.technicaltest.TechnicalTestApplicationTests" time="3.485"/>
  <testcase name="test8" classname="com.conichi.technicaltest.TechnicalTestApplicationTests" time="0.511"/>
  <testcase name="test9" classname="com.conichi.technicaltest.TechnicalTestApplicationTests" time="0.257"/>
  <testcase name="contextLoads" classname="com.conichi.technicaltest.TechnicalTestApplicationTests" time="0.004"/>
</testsuite>